<?xml version="1.0" encoding="UTF-8"?>
<coverage generated="1692879433">
  <project timestamp="1692879433">
    <file name="/home/tyrell/nextcloud-docker-dev/workspace/server/apps/stt_helper/appinfo/routes.php">
      <line num="23" type="stmt" count="0"/>
      <line num="24" type="stmt" count="0"/>
      <line num="25" type="stmt" count="0"/>
      <line num="26" type="stmt" count="0"/>
      <line num="27" type="stmt" count="0"/>
      <line num="28" type="stmt" count="0"/>
      <metrics loc="29" ncloc="9" classes="0" methods="0" coveredmethods="0" conditionals="0" coveredconditionals="0" statements="6" coveredstatements="0" elements="6" coveredelements="0"/>
    </file>
    <file name="/home/tyrell/nextcloud-docker-dev/workspace/server/apps/stt_helper/lib/AppInfo/Application.php">
      <class name="OCA\Stt\AppInfo\Application" namespace="global">
        <metrics complexity="3" methods="3" coveredmethods="1" conditionals="0" coveredconditionals="0" statements="4" coveredstatements="1" elements="7" coveredelements="2"/>
      </class>
      <line num="38" type="method" name="__construct" visibility="public" complexity="1" crap="1" count="1"/>
      <line num="39" type="stmt" count="1"/>
      <line num="42" type="method" name="register" visibility="public" complexity="1" crap="2" count="0"/>
      <line num="43" type="stmt" count="0"/>
      <line num="44" type="stmt" count="0"/>
      <line num="47" type="method" name="boot" visibility="public" complexity="1" crap="2" count="0"/>
      <line num="48" type="stmt" count="0"/>
      <metrics loc="51" ncloc="31" classes="1" methods="3" coveredmethods="1" conditionals="0" coveredconditionals="0" statements="4" coveredstatements="1" elements="7" coveredelements="2"/>
    </file>
    <file name="/home/tyrell/nextcloud-docker-dev/workspace/server/apps/stt_helper/lib/Controller/SttController.php">
      <class name="OCA\Stt\Controller\SttController" namespace="global">
        <metrics complexity="13" methods="3" coveredmethods="0" conditionals="0" coveredconditionals="0" statements="68" coveredstatements="0" elements="71" coveredelements="0"/>
      </class>
      <line num="42" type="method" name="__construct" visibility="public" complexity="1" crap="2" count="0"/>
      <line num="50" type="stmt" count="0"/>
      <line num="57" type="method" name="transcribeAudio" visibility="public" complexity="5" crap="30" count="0"/>
      <line num="59" type="stmt" count="0"/>
      <line num="60" type="stmt" count="0"/>
      <line num="63" type="stmt" count="0"/>
      <line num="64" type="stmt" count="0"/>
      <line num="65" type="stmt" count="0"/>
      <line num="69" type="stmt" count="0"/>
      <line num="70" type="stmt" count="0"/>
      <line num="71" type="stmt" count="0"/>
      <line num="72" type="stmt" count="0"/>
      <line num="73" type="stmt" count="0"/>
      <line num="74" type="stmt" count="0"/>
      <line num="75" type="stmt" count="0"/>
      <line num="76" type="stmt" count="0"/>
      <line num="77" type="stmt" count="0"/>
      <line num="78" type="stmt" count="0"/>
      <line num="79" type="stmt" count="0"/>
      <line num="80" type="stmt" count="0"/>
      <line num="81" type="stmt" count="0"/>
      <line num="82" type="stmt" count="0"/>
      <line num="83" type="stmt" count="0"/>
      <line num="84" type="stmt" count="0"/>
      <line num="85" type="stmt" count="0"/>
      <line num="86" type="stmt" count="0"/>
      <line num="87" type="stmt" count="0"/>
      <line num="88" type="stmt" count="0"/>
      <line num="96" type="method" name="transcribeFile" visibility="public" complexity="7" crap="56" count="0"/>
      <line num="98" type="stmt" count="0"/>
      <line num="99" type="stmt" count="0"/>
      <line num="102" type="stmt" count="0"/>
      <line num="103" type="stmt" count="0"/>
      <line num="107" type="stmt" count="0"/>
      <line num="108" type="stmt" count="0"/>
      <line num="109" type="stmt" count="0"/>
      <line num="110" type="stmt" count="0"/>
      <line num="111" type="stmt" count="0"/>
      <line num="112" type="stmt" count="0"/>
      <line num="113" type="stmt" count="0"/>
      <line num="114" type="stmt" count="0"/>
      <line num="115" type="stmt" count="0"/>
      <line num="116" type="stmt" count="0"/>
      <line num="117" type="stmt" count="0"/>
      <line num="118" type="stmt" count="0"/>
      <line num="119" type="stmt" count="0"/>
      <line num="120" type="stmt" count="0"/>
      <line num="121" type="stmt" count="0"/>
      <line num="122" type="stmt" count="0"/>
      <line num="123" type="stmt" count="0"/>
      <line num="124" type="stmt" count="0"/>
      <line num="125" type="stmt" count="0"/>
      <line num="126" type="stmt" count="0"/>
      <line num="127" type="stmt" count="0"/>
      <line num="128" type="stmt" count="0"/>
      <line num="129" type="stmt" count="0"/>
      <line num="130" type="stmt" count="0"/>
      <line num="131" type="stmt" count="0"/>
      <line num="132" type="stmt" count="0"/>
      <line num="133" type="stmt" count="0"/>
      <line num="134" type="stmt" count="0"/>
      <line num="135" type="stmt" count="0"/>
      <line num="136" type="stmt" count="0"/>
      <line num="137" type="stmt" count="0"/>
      <line num="138" type="stmt" count="0"/>
      <line num="139" type="stmt" count="0"/>
      <line num="140" type="stmt" count="0"/>
      <line num="141" type="stmt" count="0"/>
      <line num="142" type="stmt" count="0"/>
      <line num="143" type="stmt" count="0"/>
      <line num="144" type="stmt" count="0"/>
      <metrics loc="149" ncloc="121" classes="1" methods="3" coveredmethods="0" conditionals="0" coveredconditionals="0" statements="68" coveredstatements="0" elements="71" coveredelements="0"/>
    </file>
    <file name="/home/tyrell/nextcloud-docker-dev/workspace/server/apps/stt_helper/lib/Listener/SttReferenceListener.php">
      <class name="OCA\Stt\Listener\SttReferenceListener" namespace="global">
        <metrics complexity="3" methods="1" coveredmethods="0" conditionals="0" coveredconditionals="0" statements="3" coveredstatements="0" elements="4" coveredelements="0"/>
      </class>
      <line num="36" type="method" name="handle" visibility="public" complexity="2" crap="6" count="0"/>
      <line num="37" type="stmt" count="0"/>
      <line num="38" type="stmt" count="0"/>
      <line num="41" type="stmt" count="0"/>
      <metrics loc="44" ncloc="24" classes="1" methods="1" coveredmethods="0" conditionals="0" coveredconditionals="0" statements="3" coveredstatements="0" elements="4" coveredelements="0"/>
    </file>
    <file name="/home/tyrell/nextcloud-docker-dev/workspace/server/apps/stt_helper/lib/Reference/SttReferenceProvider.php">
      <class name="OCA\Stt\Reference\SttReferenceProvider" namespace="global">
        <metrics complexity="10" methods="10" coveredmethods="0" conditionals="0" coveredconditionals="0" statements="12" coveredstatements="0" elements="22" coveredelements="0"/>
      </class>
      <line num="34" type="method" name="__construct" visibility="public" complexity="1" crap="2" count="0"/>
      <line num="38" type="stmt" count="0"/>
      <line num="43" type="method" name="getId" visibility="public" complexity="1" crap="2" count="0"/>
      <line num="44" type="stmt" count="0"/>
      <line num="50" type="method" name="getTitle" visibility="public" complexity="1" crap="2" count="0"/>
      <line num="51" type="stmt" count="0"/>
      <line num="57" type="method" name="getOrder" visibility="public" complexity="1" crap="2" count="0"/>
      <line num="58" type="stmt" count="0"/>
      <line num="64" type="method" name="getIconUrl" visibility="public" complexity="1" crap="2" count="0"/>
      <line num="65" type="stmt" count="0"/>
      <line num="66" type="stmt" count="0"/>
      <line num="67" type="stmt" count="0"/>
      <line num="73" type="method" name="matchReference" visibility="public" complexity="1" crap="2" count="0"/>
      <line num="74" type="stmt" count="0"/>
      <line num="80" type="method" name="resolveReference" visibility="public" complexity="1" crap="2" count="0"/>
      <line num="81" type="stmt" count="0"/>
      <line num="89" type="method" name="getCachePrefix" visibility="public" complexity="1" crap="2" count="0"/>
      <line num="90" type="stmt" count="0"/>
      <line num="96" type="method" name="getCacheKey" visibility="public" complexity="1" crap="2" count="0"/>
      <line num="97" type="stmt" count="0"/>
      <line num="104" type="method" name="invalidateUserCache" visibility="public" complexity="1" crap="2" count="0"/>
      <line num="105" type="stmt" count="0"/>
      <metrics loc="108" ncloc="58" classes="1" methods="10" coveredmethods="0" conditionals="0" coveredconditionals="0" statements="12" coveredstatements="0" elements="22" coveredelements="0"/>
    </file>
    <file name="/home/tyrell/nextcloud-docker-dev/workspace/server/apps/stt_helper/lib/Service/FileService.php">
      <class name="OCA\Stt\Service\FileService" namespace="global">
        <metrics complexity="9" methods="9" coveredmethods="2" conditionals="0" coveredconditionals="0" statements="11" coveredstatements="3" elements="20" coveredelements="5"/>
      </class>
      <line num="34" type="method" name="__construct" visibility="public" complexity="1" crap="1" count="1"/>
      <line num="35" type="stmt" count="1"/>
      <line num="36" type="stmt" count="1"/>
      <line num="42" type="method" name="getContent" visibility="public" complexity="1" crap="1" count="1"/>
      <line num="43" type="stmt" count="1"/>
      <line num="49" type="method" name="putContent" visibility="public" complexity="1" crap="2" count="0"/>
      <line num="50" type="stmt" count="0"/>
      <line num="56" type="method" name="getName" visibility="public" complexity="1" crap="2" count="0"/>
      <line num="57" type="stmt" count="0"/>
      <line num="63" type="method" name="getMimeType" visibility="public" complexity="1" crap="2" count="0"/>
      <line num="64" type="stmt" count="0"/>
      <line num="71" type="method" name="fopen" visibility="public" complexity="1" crap="2" count="0"/>
      <line num="72" type="stmt" count="0"/>
      <line num="80" type="method" name="hash" visibility="public" complexity="1" crap="2" count="0"/>
      <line num="81" type="stmt" count="0"/>
      <line num="82" type="stmt" count="0"/>
      <line num="85" type="method" name="getChecksum" visibility="public" complexity="1" crap="2" count="0"/>
      <line num="86" type="stmt" count="0"/>
      <line num="88" type="method" name="getExtension" visibility="public" complexity="1" crap="2" count="0"/>
      <line num="89" type="stmt" count="0"/>
      <metrics loc="92" ncloc="51" classes="1" methods="9" coveredmethods="2" conditionals="0" coveredconditionals="0" statements="11" coveredstatements="3" elements="20" coveredelements="5"/>
    </file>
    <file name="/home/tyrell/nextcloud-docker-dev/workspace/server/apps/stt_helper/lib/Service/SttService.php">
      <class name="OCA\Stt\Service\SttService" namespace="global">
        <metrics complexity="4" methods="4" coveredmethods="3" conditionals="0" coveredconditionals="0" statements="10" coveredstatements="7" elements="14" coveredelements="10"/>
      </class>
      <line num="36" type="method" name="__construct" visibility="public" complexity="1" crap="1" count="2"/>
      <line num="39" type="stmt" count="2"/>
      <line num="41" type="method" name="getFileObject" visibility="private" complexity="1" crap="1" count="1"/>
      <line num="42" type="stmt" count="1"/>
      <line num="43" type="stmt" count="1"/>
      <line num="45" type="stmt" count="1"/>
      <line num="47" type="stmt" count="1"/>
      <line num="59" type="method" name="transcribeFile" visibility="public" complexity="1" crap="2" count="0"/>
      <line num="60" type="stmt" count="0"/>
      <line num="61" type="stmt" count="0"/>
      <line num="62" type="stmt" count="0"/>
      <line num="73" type="method" name="transcribeAudio" visibility="public" complexity="1" crap="1" count="1"/>
      <line num="74" type="stmt" count="1"/>
      <line num="75" type="stmt" count="1"/>
      <metrics loc="78" ncloc="41" classes="1" methods="4" coveredmethods="3" conditionals="0" coveredconditionals="0" statements="10" coveredstatements="7" elements="14" coveredelements="10"/>
    </file>
    <metrics files="7" loc="551" ncloc="335" classes="6" methods="30" coveredmethods="6" conditionals="0" coveredconditionals="0" statements="114" coveredstatements="11" elements="144" coveredelements="17"/>
  </project>
</coverage>
